{"/Users/kris_uvrv/projects/frontend-project-46/src/gendiff.js": {"path":"/Users/kris_uvrv/projects/frontend-project-46/src/gendiff.js","all":false,"statementMap":{"0":{"start":{"line":1,"column":0},"end":{"line":1,"column":23}},"1":{"start":{"line":2,"column":0},"end":{"line":2,"column":0}},"2":{"start":{"line":3,"column":0},"end":{"line":3,"column":33}},"3":{"start":{"line":4,"column":0},"end":{"line":4,"column":31}},"4":{"start":{"line":5,"column":0},"end":{"line":5,"column":34}},"5":{"start":{"line":6,"column":0},"end":{"line":6,"column":34}},"6":{"start":{"line":7,"column":0},"end":{"line":7,"column":0}},"7":{"start":{"line":8,"column":0},"end":{"line":8,"column":23}},"8":{"start":{"line":9,"column":0},"end":{"line":9,"column":53}},"9":{"start":{"line":10,"column":0},"end":{"line":10,"column":91}},"10":{"start":{"line":11,"column":0},"end":{"line":11,"column":79}},"11":{"start":{"line":12,"column":0},"end":{"line":12,"column":0}},"12":{"start":{"line":13,"column":0},"end":{"line":13,"column":31}},"13":{"start":{"line":14,"column":0},"end":{"line":14,"column":42}},"14":{"start":{"line":15,"column":0},"end":{"line":15,"column":28}},"15":{"start":{"line":16,"column":0},"end":{"line":16,"column":14}},"16":{"start":{"line":17,"column":0},"end":{"line":17,"column":51}},"17":{"start":{"line":18,"column":0},"end":{"line":18,"column":8}},"18":{"start":{"line":19,"column":0},"end":{"line":19,"column":5}},"19":{"start":{"line":20,"column":0},"end":{"line":20,"column":28}},"20":{"start":{"line":21,"column":0},"end":{"line":21,"column":14}},"21":{"start":{"line":22,"column":0},"end":{"line":22,"column":53}},"22":{"start":{"line":23,"column":0},"end":{"line":23,"column":8}},"23":{"start":{"line":24,"column":0},"end":{"line":24,"column":5}},"24":{"start":{"line":25,"column":0},"end":{"line":25,"column":67}},"25":{"start":{"line":26,"column":0},"end":{"line":26,"column":14}},"26":{"start":{"line":27,"column":0},"end":{"line":27,"column":75}},"27":{"start":{"line":28,"column":0},"end":{"line":28,"column":8}},"28":{"start":{"line":29,"column":0},"end":{"line":29,"column":5}},"29":{"start":{"line":30,"column":0},"end":{"line":30,"column":34}},"30":{"start":{"line":31,"column":0},"end":{"line":31,"column":14}},"31":{"start":{"line":32,"column":0},"end":{"line":32,"column":77}},"32":{"start":{"line":33,"column":0},"end":{"line":33,"column":8}},"33":{"start":{"line":34,"column":0},"end":{"line":34,"column":5}},"34":{"start":{"line":35,"column":0},"end":{"line":35,"column":12}},"35":{"start":{"line":36,"column":0},"end":{"line":36,"column":53}},"36":{"start":{"line":37,"column":0},"end":{"line":37,"column":6}},"37":{"start":{"line":38,"column":0},"end":{"line":38,"column":5}},"38":{"start":{"line":39,"column":0},"end":{"line":39,"column":0}},"39":{"start":{"line":40,"column":0},"end":{"line":40,"column":16}},"40":{"start":{"line":41,"column":0},"end":{"line":41,"column":2}},"41":{"start":{"line":42,"column":0},"end":{"line":42,"column":0}},"42":{"start":{"line":43,"column":0},"end":{"line":43,"column":23}}},"s":{"0":1,"1":1,"2":1,"3":45,"4":45,"5":45,"6":45,"7":45,"8":45,"9":45,"10":45,"11":45,"12":45,"13":45,"14":162,"15":45,"16":45,"17":45,"18":45,"19":162,"20":18,"21":18,"22":18,"23":18,"24":162,"25":36,"26":36,"27":36,"28":36,"29":162,"30":36,"31":36,"32":36,"33":36,"34":27,"35":27,"36":27,"37":45,"38":45,"39":45,"40":45,"41":1,"42":1},"branchMap":{"0":{"type":"branch","line":3,"loc":{"start":{"line":3,"column":16},"end":{"line":41,"column":2}},"locations":[{"start":{"line":3,"column":16},"end":{"line":41,"column":2}}]},"1":{"type":"branch","line":14,"loc":{"start":{"line":14,"column":33},"end":{"line":38,"column":3}},"locations":[{"start":{"line":14,"column":33},"end":{"line":38,"column":3}}]},"2":{"type":"branch","line":15,"loc":{"start":{"line":15,"column":27},"end":{"line":19,"column":5}},"locations":[{"start":{"line":15,"column":27},"end":{"line":19,"column":5}}]},"3":{"type":"branch","line":19,"loc":{"start":{"line":19,"column":4},"end":{"line":20,"column":27}},"locations":[{"start":{"line":19,"column":4},"end":{"line":20,"column":27}}]},"4":{"type":"branch","line":20,"loc":{"start":{"line":20,"column":27},"end":{"line":24,"column":5}},"locations":[{"start":{"line":20,"column":27},"end":{"line":24,"column":5}}]},"5":{"type":"branch","line":24,"loc":{"start":{"line":24,"column":4},"end":{"line":25,"column":38}},"locations":[{"start":{"line":24,"column":4},"end":{"line":25,"column":38}}]},"6":{"type":"branch","line":25,"loc":{"start":{"line":25,"column":34},"end":{"line":25,"column":64}},"locations":[{"start":{"line":25,"column":34},"end":{"line":25,"column":64}}]},"7":{"type":"branch","line":25,"loc":{"start":{"line":25,"column":66},"end":{"line":29,"column":5}},"locations":[{"start":{"line":25,"column":66},"end":{"line":29,"column":5}}]},"8":{"type":"branch","line":29,"loc":{"start":{"line":29,"column":4},"end":{"line":30,"column":33}},"locations":[{"start":{"line":29,"column":4},"end":{"line":30,"column":33}}]},"9":{"type":"branch","line":30,"loc":{"start":{"line":30,"column":33},"end":{"line":34,"column":5}},"locations":[{"start":{"line":30,"column":33},"end":{"line":34,"column":5}}]},"10":{"type":"branch","line":34,"loc":{"start":{"line":34,"column":4},"end":{"line":38,"column":3}},"locations":[{"start":{"line":34,"column":4},"end":{"line":38,"column":3}}]}},"b":{"0":[45],"1":[162],"2":[45],"3":[117],"4":[18],"5":[99],"6":[45],"7":[36],"8":[63],"9":[36],"10":[27]},"fnMap":{"0":{"name":"genDiff","decl":{"start":{"line":3,"column":16},"end":{"line":41,"column":2}},"loc":{"start":{"line":3,"column":16},"end":{"line":41,"column":2}},"line":3}},"f":{"0":45}}
,"/Users/kris_uvrv/projects/frontend-project-46/src/index.js": {"path":"/Users/kris_uvrv/projects/frontend-project-46/src/index.js","all":false,"statementMap":{"0":{"start":{"line":1,"column":0},"end":{"line":1,"column":39}},"1":{"start":{"line":2,"column":0},"end":{"line":2,"column":86}},"2":{"start":{"line":3,"column":0},"end":{"line":3,"column":24}},"3":{"start":{"line":4,"column":0},"end":{"line":4,"column":32}},"4":{"start":{"line":5,"column":0},"end":{"line":5,"column":32}},"5":{"start":{"line":6,"column":0},"end":{"line":6,"column":41}},"6":{"start":{"line":7,"column":0},"end":{"line":7,"column":0}},"7":{"start":{"line":8,"column":0},"end":{"line":8,"column":67}},"8":{"start":{"line":9,"column":0},"end":{"line":9,"column":92}},"9":{"start":{"line":10,"column":0},"end":{"line":10,"column":53}},"10":{"start":{"line":11,"column":0},"end":{"line":11,"column":86}},"11":{"start":{"line":12,"column":0},"end":{"line":12,"column":55}},"12":{"start":{"line":13,"column":0},"end":{"line":13,"column":0}},"13":{"start":{"line":14,"column":0},"end":{"line":14,"column":95}},"14":{"start":{"line":15,"column":0},"end":{"line":15,"column":84}},"15":{"start":{"line":16,"column":0},"end":{"line":16,"column":26}},"16":{"start":{"line":17,"column":0},"end":{"line":17,"column":66}},"17":{"start":{"line":18,"column":0},"end":{"line":18,"column":30}},"18":{"start":{"line":19,"column":0},"end":{"line":19,"column":65}},"19":{"start":{"line":20,"column":0},"end":{"line":20,"column":65}},"20":{"start":{"line":21,"column":0},"end":{"line":21,"column":0}},"21":{"start":{"line":22,"column":0},"end":{"line":22,"column":24}},"22":{"start":{"line":23,"column":0},"end":{"line":23,"column":35}},"23":{"start":{"line":24,"column":0},"end":{"line":24,"column":0}},"24":{"start":{"line":25,"column":0},"end":{"line":25,"column":34}},"25":{"start":{"line":26,"column":0},"end":{"line":26,"column":2}},"26":{"start":{"line":27,"column":0},"end":{"line":27,"column":0}},"27":{"start":{"line":28,"column":0},"end":{"line":28,"column":23}}},"s":{"0":1,"1":1,"2":1,"3":1,"4":1,"5":1,"6":1,"7":1,"8":9,"9":9,"10":9,"11":9,"12":9,"13":9,"14":9,"15":9,"16":9,"17":9,"18":9,"19":9,"20":9,"21":9,"22":9,"23":9,"24":9,"25":9,"26":1,"27":1},"branchMap":{"0":{"type":"branch","line":8,"loc":{"start":{"line":8,"column":16},"end":{"line":26,"column":2}},"locations":[{"start":{"line":8,"column":16},"end":{"line":26,"column":2}}]},"1":{"type":"branch","line":15,"loc":{"start":{"line":15,"column":19},"end":{"line":15,"column":83}},"locations":[{"start":{"line":15,"column":19},"end":{"line":15,"column":83}}]},"2":{"type":"branch","line":17,"loc":{"start":{"line":17,"column":21},"end":{"line":17,"column":65}},"locations":[{"start":{"line":17,"column":21},"end":{"line":17,"column":65}}]}},"b":{"0":[9],"1":[18],"2":[18]},"fnMap":{"0":{"name":"gendiff","decl":{"start":{"line":8,"column":16},"end":{"line":26,"column":2}},"loc":{"start":{"line":8,"column":16},"end":{"line":26,"column":2}},"line":8},"1":{"name":"getData","decl":{"start":{"line":15,"column":19},"end":{"line":15,"column":83}},"loc":{"start":{"line":15,"column":19},"end":{"line":15,"column":83}},"line":15},"2":{"name":"getFormat","decl":{"start":{"line":17,"column":21},"end":{"line":17,"column":65}},"loc":{"start":{"line":17,"column":21},"end":{"line":17,"column":65}},"line":17}},"f":{"0":9,"1":18,"2":18}}
,"/Users/kris_uvrv/projects/frontend-project-46/src/parsers.js": {"path":"/Users/kris_uvrv/projects/frontend-project-46/src/parsers.js","all":false,"statementMap":{"0":{"start":{"line":1,"column":0},"end":{"line":1,"column":27}},"1":{"start":{"line":2,"column":0},"end":{"line":2,"column":0}},"2":{"start":{"line":3,"column":0},"end":{"line":3,"column":64}},"3":{"start":{"line":4,"column":0},"end":{"line":4,"column":0}},"4":{"start":{"line":5,"column":0},"end":{"line":5,"column":17}},"5":{"start":{"line":6,"column":0},"end":{"line":6,"column":19}},"6":{"start":{"line":7,"column":0},"end":{"line":7,"column":18}},"7":{"start":{"line":8,"column":0},"end":{"line":8,"column":17}},"8":{"start":{"line":9,"column":0},"end":{"line":9,"column":2}},"9":{"start":{"line":10,"column":0},"end":{"line":10,"column":0}},"10":{"start":{"line":11,"column":0},"end":{"line":11,"column":55}}},"s":{"0":1,"1":1,"2":1,"3":1,"4":1,"5":1,"6":1,"7":1,"8":1,"9":1,"10":1},"branchMap":{"0":{"type":"branch","line":11,"loc":{"start":{"line":11,"column":15},"end":{"line":11,"column":54}},"locations":[{"start":{"line":11,"column":15},"end":{"line":11,"column":54}}]}},"b":{"0":[18]},"fnMap":{"0":{"name":"default","decl":{"start":{"line":11,"column":15},"end":{"line":11,"column":54}},"loc":{"start":{"line":11,"column":15},"end":{"line":11,"column":54}},"line":11}},"f":{"0":18}}
,"/Users/kris_uvrv/projects/frontend-project-46/src/formatters/format.js": {"path":"/Users/kris_uvrv/projects/frontend-project-46/src/formatters/format.js","all":false,"statementMap":{"0":{"start":{"line":1,"column":0},"end":{"line":1,"column":32}},"1":{"start":{"line":2,"column":0},"end":{"line":2,"column":28}},"2":{"start":{"line":3,"column":0},"end":{"line":3,"column":26}},"3":{"start":{"line":4,"column":0},"end":{"line":4,"column":0}},"4":{"start":{"line":5,"column":0},"end":{"line":5,"column":44}},"5":{"start":{"line":6,"column":0},"end":{"line":6,"column":27}},"6":{"start":{"line":7,"column":0},"end":{"line":7,"column":39}},"7":{"start":{"line":8,"column":0},"end":{"line":8,"column":40}},"8":{"start":{"line":9,"column":0},"end":{"line":9,"column":42}},"9":{"start":{"line":10,"column":0},"end":{"line":10,"column":0}},"10":{"start":{"line":11,"column":0},"end":{"line":11,"column":66}},"11":{"start":{"line":12,"column":0},"end":{"line":12,"column":0}},"12":{"start":{"line":13,"column":0},"end":{"line":13,"column":33}},"13":{"start":{"line":14,"column":0},"end":{"line":14,"column":42}},"14":{"start":{"line":15,"column":0},"end":{"line":15,"column":41}},"15":{"start":{"line":16,"column":0},"end":{"line":16,"column":43}},"16":{"start":{"line":17,"column":0},"end":{"line":17,"column":44}},"17":{"start":{"line":18,"column":0},"end":{"line":18,"column":38}}},"s":{"0":1,"1":1,"2":1,"3":1,"4":1,"5":1,"6":1,"7":1,"8":1,"9":1,"10":1,"11":1,"12":1,"13":1,"14":1,"15":1,"16":1,"17":1},"branchMap":{"0":{"type":"branch","line":11,"loc":{"start":{"line":11,"column":15},"end":{"line":11,"column":65}},"locations":[{"start":{"line":11,"column":15},"end":{"line":11,"column":65}}]}},"b":{"0":[9]},"fnMap":{"0":{"name":"default","decl":{"start":{"line":11,"column":15},"end":{"line":11,"column":65}},"loc":{"start":{"line":11,"column":15},"end":{"line":11,"column":65}},"line":11}},"f":{"0":9}}
,"/Users/kris_uvrv/projects/frontend-project-46/src/formatters/json.js": {"path":"/Users/kris_uvrv/projects/frontend-project-46/src/formatters/json.js","all":false,"statementMap":{"0":{"start":{"line":1,"column":0},"end":{"line":1,"column":46}},"1":{"start":{"line":2,"column":0},"end":{"line":2,"column":0}},"2":{"start":{"line":3,"column":0},"end":{"line":3,"column":54}}},"s":{"0":1,"1":1,"2":1},"branchMap":{"0":{"type":"branch","line":1,"loc":{"start":{"line":1,"column":16},"end":{"line":1,"column":45}},"locations":[{"start":{"line":1,"column":16},"end":{"line":1,"column":45}}]}},"b":{"0":[3]},"fnMap":{"0":{"name":"default","decl":{"start":{"line":1,"column":16},"end":{"line":1,"column":45}},"loc":{"start":{"line":1,"column":16},"end":{"line":1,"column":45}},"line":1}},"f":{"0":3}}
,"/Users/kris_uvrv/projects/frontend-project-46/src/formatters/plain.js": {"path":"/Users/kris_uvrv/projects/frontend-project-46/src/formatters/plain.js","all":false,"statementMap":{"0":{"start":{"line":1,"column":0},"end":{"line":1,"column":23}},"1":{"start":{"line":2,"column":0},"end":{"line":2,"column":0}},"2":{"start":{"line":3,"column":0},"end":{"line":3,"column":38}},"3":{"start":{"line":4,"column":0},"end":{"line":4,"column":27}},"4":{"start":{"line":5,"column":0},"end":{"line":5,"column":73}},"5":{"start":{"line":6,"column":0},"end":{"line":6,"column":26}},"6":{"start":{"line":7,"column":0},"end":{"line":7,"column":3}},"7":{"start":{"line":8,"column":0},"end":{"line":8,"column":0}},"8":{"start":{"line":9,"column":0},"end":{"line":9,"column":27}},"9":{"start":{"line":10,"column":0},"end":{"line":10,"column":2}},"10":{"start":{"line":11,"column":0},"end":{"line":11,"column":0}},"11":{"start":{"line":12,"column":0},"end":{"line":12,"column":57}},"12":{"start":{"line":13,"column":0},"end":{"line":13,"column":60}},"13":{"start":{"line":14,"column":0},"end":{"line":14,"column":37}},"14":{"start":{"line":15,"column":0},"end":{"line":15,"column":53}},"15":{"start":{"line":16,"column":0},"end":{"line":16,"column":40}},"16":{"start":{"line":17,"column":0},"end":{"line":17,"column":34}},"17":{"start":{"line":18,"column":0},"end":{"line":18,"column":42}},"18":{"start":{"line":19,"column":0},"end":{"line":19,"column":44}},"19":{"start":{"line":20,"column":0},"end":{"line":20,"column":35}},"20":{"start":{"line":21,"column":0},"end":{"line":21,"column":47}},"21":{"start":{"line":22,"column":0},"end":{"line":22,"column":0}},"22":{"start":{"line":23,"column":0},"end":{"line":23,"column":26}},"23":{"start":{"line":24,"column":0},"end":{"line":24,"column":42}},"24":{"start":{"line":25,"column":0},"end":{"line":25,"column":51}},"25":{"start":{"line":26,"column":0},"end":{"line":26,"column":48}},"26":{"start":{"line":27,"column":0},"end":{"line":27,"column":48}},"27":{"start":{"line":28,"column":0},"end":{"line":28,"column":34}},"28":{"start":{"line":29,"column":0},"end":{"line":29,"column":97}},"29":{"start":{"line":30,"column":0},"end":{"line":30,"column":7}},"30":{"start":{"line":31,"column":0},"end":{"line":31,"column":36}},"31":{"start":{"line":32,"column":0},"end":{"line":32,"column":54}},"32":{"start":{"line":33,"column":0},"end":{"line":33,"column":7}},"33":{"start":{"line":34,"column":0},"end":{"line":34,"column":36}},"34":{"start":{"line":35,"column":0},"end":{"line":35,"column":135}},"35":{"start":{"line":36,"column":0},"end":{"line":36,"column":7}},"36":{"start":{"line":37,"column":0},"end":{"line":37,"column":35}},"37":{"start":{"line":38,"column":0},"end":{"line":38,"column":54}},"38":{"start":{"line":39,"column":0},"end":{"line":39,"column":7}},"39":{"start":{"line":40,"column":0},"end":{"line":40,"column":38}},"40":{"start":{"line":41,"column":0},"end":{"line":41,"column":20}},"41":{"start":{"line":42,"column":0},"end":{"line":42,"column":7}},"42":{"start":{"line":43,"column":0},"end":{"line":43,"column":79}},"43":{"start":{"line":44,"column":0},"end":{"line":44,"column":6}},"44":{"start":{"line":45,"column":0},"end":{"line":45,"column":39}},"45":{"start":{"line":46,"column":0},"end":{"line":46,"column":0}},"46":{"start":{"line":47,"column":0},"end":{"line":47,"column":41}},"47":{"start":{"line":48,"column":0},"end":{"line":48,"column":4}},"48":{"start":{"line":49,"column":0},"end":{"line":49,"column":0}},"49":{"start":{"line":50,"column":0},"end":{"line":50,"column":20}},"50":{"start":{"line":51,"column":0},"end":{"line":51,"column":2}},"51":{"start":{"line":52,"column":0},"end":{"line":52,"column":0}},"52":{"start":{"line":53,"column":0},"end":{"line":53,"column":43}},"53":{"start":{"line":54,"column":0},"end":{"line":54,"column":57}},"54":{"start":{"line":55,"column":0},"end":{"line":55,"column":37}},"55":{"start":{"line":56,"column":0},"end":{"line":56,"column":42}},"56":{"start":{"line":57,"column":0},"end":{"line":57,"column":2}},"57":{"start":{"line":58,"column":0},"end":{"line":58,"column":35}},"58":{"start":{"line":59,"column":0},"end":{"line":59,"column":44}},"59":{"start":{"line":60,"column":0},"end":{"line":60,"column":0}},"60":{"start":{"line":61,"column":0},"end":{"line":61,"column":27}},"61":{"start":{"line":62,"column":0},"end":{"line":62,"column":53}},"62":{"start":{"line":63,"column":0},"end":{"line":63,"column":0}},"63":{"start":{"line":64,"column":0},"end":{"line":64,"column":37}},"64":{"start":{"line":65,"column":0},"end":{"line":65,"column":55}},"65":{"start":{"line":66,"column":0},"end":{"line":66,"column":55}},"66":{"start":{"line":67,"column":0},"end":{"line":67,"column":47}},"67":{"start":{"line":68,"column":0},"end":{"line":68,"column":48}},"68":{"start":{"line":69,"column":0},"end":{"line":69,"column":2}},"69":{"start":{"line":70,"column":0},"end":{"line":70,"column":36}},"70":{"start":{"line":71,"column":0},"end":{"line":71,"column":49}},"71":{"start":{"line":72,"column":0},"end":{"line":72,"column":38}},"72":{"start":{"line":73,"column":0},"end":{"line":73,"column":0}},"73":{"start":{"line":74,"column":0},"end":{"line":74,"column":65}},"74":{"start":{"line":75,"column":0},"end":{"line":75,"column":38}},"75":{"start":{"line":76,"column":0},"end":{"line":76,"column":30}},"76":{"start":{"line":77,"column":0},"end":{"line":77,"column":36}},"77":{"start":{"line":78,"column":0},"end":{"line":78,"column":38}},"78":{"start":{"line":79,"column":0},"end":{"line":79,"column":0}},"79":{"start":{"line":80,"column":0},"end":{"line":80,"column":38}},"80":{"start":{"line":81,"column":0},"end":{"line":81,"column":38}},"81":{"start":{"line":82,"column":0},"end":{"line":82,"column":0}},"82":{"start":{"line":83,"column":0},"end":{"line":83,"column":47}},"83":{"start":{"line":84,"column":0},"end":{"line":84,"column":35}},"84":{"start":{"line":85,"column":0},"end":{"line":85,"column":0}},"85":{"start":{"line":86,"column":0},"end":{"line":86,"column":32}},"86":{"start":{"line":87,"column":0},"end":{"line":87,"column":31}},"87":{"start":{"line":88,"column":0},"end":{"line":88,"column":39}},"88":{"start":{"line":89,"column":0},"end":{"line":89,"column":41}},"89":{"start":{"line":90,"column":0},"end":{"line":90,"column":2}},"90":{"start":{"line":91,"column":0},"end":{"line":91,"column":41}},"91":{"start":{"line":92,"column":0},"end":{"line":92,"column":62}}},"s":{"0":1,"1":1,"2":1,"3":39,"4":30,"5":30,"6":30,"7":9,"8":9,"9":9,"10":1,"11":1,"12":1,"13":1,"14":1,"15":1,"16":1,"17":1,"18":1,"19":1,"20":1,"21":1,"22":1,"23":3,"24":15,"25":54,"26":54,"27":54,"28":15,"29":15,"30":54,"31":6,"32":6,"33":54,"34":12,"35":12,"36":54,"37":12,"38":12,"39":9,"40":9,"41":9,"42":0,"43":15,"44":15,"45":15,"46":15,"47":3,"48":3,"49":3,"50":3,"51":1,"52":1,"53":1,"54":1,"55":1,"56":1,"57":1,"58":1,"59":1,"60":1,"61":1,"62":1,"63":1,"64":1,"65":1,"66":1,"67":1,"68":1,"69":1,"70":1,"71":1,"72":1,"73":1,"74":1,"75":1,"76":1,"77":1,"78":1,"79":1,"80":1,"81":1,"82":1,"83":1,"84":1,"85":1,"86":1,"87":1,"88":1,"89":1,"90":1,"91":1},"branchMap":{"0":{"type":"branch","line":3,"loc":{"start":{"line":3,"column":27},"end":{"line":10,"column":2}},"locations":[{"start":{"line":3,"column":27},"end":{"line":10,"column":2}}]},"1":{"type":"branch","line":4,"loc":{"start":{"line":4,"column":26},"end":{"line":7,"column":3}},"locations":[{"start":{"line":4,"column":26},"end":{"line":7,"column":3}}]},"2":{"type":"branch","line":5,"loc":{"start":{"line":5,"column":44},"end":{"line":5,"column":59}},"locations":[{"start":{"line":5,"column":44},"end":{"line":5,"column":59}}]},"3":{"type":"branch","line":5,"loc":{"start":{"line":5,"column":59},"end":{"line":5,"column":72}},"locations":[{"start":{"line":5,"column":59},"end":{"line":5,"column":72}}]},"4":{"type":"branch","line":7,"loc":{"start":{"line":7,"column":2},"end":{"line":10,"column":2}},"locations":[{"start":{"line":7,"column":2},"end":{"line":10,"column":2}}]},"5":{"type":"branch","line":23,"loc":{"start":{"line":23,"column":16},"end":{"line":51,"column":2}},"locations":[{"start":{"line":23,"column":16},"end":{"line":51,"column":2}}]},"6":{"type":"branch","line":24,"loc":{"start":{"line":24,"column":15},"end":{"line":48,"column":3}},"locations":[{"start":{"line":24,"column":15},"end":{"line":48,"column":3}}]},"7":{"type":"branch","line":25,"loc":{"start":{"line":25,"column":41},"end":{"line":44,"column":5}},"locations":[{"start":{"line":25,"column":41},"end":{"line":44,"column":5}}]},"8":{"type":"branch","line":28,"loc":{"start":{"line":28,"column":33},"end":{"line":30,"column":7}},"locations":[{"start":{"line":28,"column":33},"end":{"line":30,"column":7}}]},"9":{"type":"branch","line":30,"loc":{"start":{"line":30,"column":6},"end":{"line":31,"column":35}},"locations":[{"start":{"line":30,"column":6},"end":{"line":31,"column":35}}]},"10":{"type":"branch","line":31,"loc":{"start":{"line":31,"column":35},"end":{"line":33,"column":7}},"locations":[{"start":{"line":31,"column":35},"end":{"line":33,"column":7}}]},"11":{"type":"branch","line":33,"loc":{"start":{"line":33,"column":6},"end":{"line":34,"column":35}},"locations":[{"start":{"line":33,"column":6},"end":{"line":34,"column":35}}]},"12":{"type":"branch","line":34,"loc":{"start":{"line":34,"column":35},"end":{"line":36,"column":7}},"locations":[{"start":{"line":34,"column":35},"end":{"line":36,"column":7}}]},"13":{"type":"branch","line":36,"loc":{"start":{"line":36,"column":6},"end":{"line":37,"column":34}},"locations":[{"start":{"line":36,"column":6},"end":{"line":37,"column":34}}]},"14":{"type":"branch","line":37,"loc":{"start":{"line":37,"column":34},"end":{"line":39,"column":7}},"locations":[{"start":{"line":37,"column":34},"end":{"line":39,"column":7}}]},"15":{"type":"branch","line":39,"loc":{"start":{"line":39,"column":6},"end":{"line":42,"column":7}},"locations":[{"start":{"line":39,"column":6},"end":{"line":42,"column":7}}]},"16":{"type":"branch","line":42,"loc":{"start":{"line":42,"column":6},"end":{"line":44,"column":5}},"locations":[{"start":{"line":42,"column":6},"end":{"line":44,"column":5}}]},"17":{"type":"branch","line":45,"loc":{"start":{"line":45,"column":15},"end":{"line":45,"column":37}},"locations":[{"start":{"line":45,"column":15},"end":{"line":45,"column":37}}]}},"b":{"0":[39],"1":[30],"2":[21],"3":[9],"4":[9],"5":[3],"6":[15],"7":[54],"8":[15],"9":[39],"10":[6],"11":[33],"12":[12],"13":[21],"14":[12],"15":[9],"16":[0],"17":[54]},"fnMap":{"0":{"name":"getFormattedValue","decl":{"start":{"line":3,"column":27},"end":{"line":10,"column":2}},"loc":{"start":{"line":3,"column":27},"end":{"line":10,"column":2}},"line":3},"1":{"name":"default","decl":{"start":{"line":23,"column":16},"end":{"line":51,"column":2}},"loc":{"start":{"line":23,"column":16},"end":{"line":51,"column":2}},"line":23},"2":{"name":"iter","decl":{"start":{"line":24,"column":15},"end":{"line":48,"column":3}},"loc":{"start":{"line":24,"column":15},"end":{"line":48,"column":3}},"line":24}},"f":{"0":39,"1":3,"2":15}}
,"/Users/kris_uvrv/projects/frontend-project-46/src/formatters/stylish.js": {"path":"/Users/kris_uvrv/projects/frontend-project-46/src/formatters/stylish.js","all":false,"statementMap":{"0":{"start":{"line":1,"column":0},"end":{"line":1,"column":23}},"1":{"start":{"line":2,"column":0},"end":{"line":2,"column":0}},"2":{"start":{"line":3,"column":0},"end":{"line":3,"column":47}},"3":{"start":{"line":4,"column":0},"end":{"line":4,"column":61}},"4":{"start":{"line":5,"column":0},"end":{"line":5,"column":20}},"5":{"start":{"line":6,"column":0},"end":{"line":6,"column":21}},"6":{"start":{"line":7,"column":0},"end":{"line":7,"column":23}},"7":{"start":{"line":8,"column":0},"end":{"line":8,"column":35}},"8":{"start":{"line":9,"column":0},"end":{"line":9,"column":35}},"9":{"start":{"line":10,"column":0},"end":{"line":10,"column":27}},"10":{"start":{"line":11,"column":0},"end":{"line":11,"column":44}},"11":{"start":{"line":12,"column":0},"end":{"line":12,"column":0}},"12":{"start":{"line":13,"column":0},"end":{"line":13,"column":36}},"13":{"start":{"line":14,"column":0},"end":{"line":14,"column":27}},"14":{"start":{"line":15,"column":0},"end":{"line":15,"column":17}},"15":{"start":{"line":16,"column":0},"end":{"line":16,"column":3}},"16":{"start":{"line":17,"column":0},"end":{"line":17,"column":34}},"17":{"start":{"line":18,"column":0},"end":{"line":18,"column":109}},"18":{"start":{"line":19,"column":0},"end":{"line":19,"column":66}},"19":{"start":{"line":20,"column":0},"end":{"line":20,"column":2}},"20":{"start":{"line":21,"column":0},"end":{"line":21,"column":44}},"21":{"start":{"line":22,"column":0},"end":{"line":22,"column":57}},"22":{"start":{"line":23,"column":0},"end":{"line":23,"column":31}},"23":{"start":{"line":24,"column":0},"end":{"line":24,"column":62}},"24":{"start":{"line":25,"column":0},"end":{"line":25,"column":70}},"25":{"start":{"line":26,"column":0},"end":{"line":26,"column":0}},"26":{"start":{"line":27,"column":0},"end":{"line":27,"column":26}},"27":{"start":{"line":28,"column":0},"end":{"line":28,"column":42}},"28":{"start":{"line":29,"column":0},"end":{"line":29,"column":55}},"29":{"start":{"line":30,"column":0},"end":{"line":30,"column":34}},"30":{"start":{"line":31,"column":0},"end":{"line":31,"column":85}},"31":{"start":{"line":32,"column":0},"end":{"line":32,"column":7}},"32":{"start":{"line":33,"column":0},"end":{"line":33,"column":36}},"33":{"start":{"line":34,"column":0},"end":{"line":34,"column":86}},"34":{"start":{"line":35,"column":0},"end":{"line":35,"column":7}},"35":{"start":{"line":36,"column":0},"end":{"line":36,"column":38}},"36":{"start":{"line":37,"column":0},"end":{"line":37,"column":88}},"37":{"start":{"line":38,"column":0},"end":{"line":38,"column":7}},"38":{"start":{"line":39,"column":0},"end":{"line":39,"column":36}},"39":{"start":{"line":40,"column":0},"end":{"line":40,"column":16}},"40":{"start":{"line":41,"column":0},"end":{"line":41,"column":84}},"41":{"start":{"line":42,"column":0},"end":{"line":42,"column":83}},"42":{"start":{"line":43,"column":0},"end":{"line":43,"column":10}},"43":{"start":{"line":44,"column":0},"end":{"line":44,"column":7}},"44":{"start":{"line":45,"column":0},"end":{"line":45,"column":35}},"45":{"start":{"line":46,"column":0},"end":{"line":46,"column":91}},"46":{"start":{"line":47,"column":0},"end":{"line":47,"column":7}},"47":{"start":{"line":48,"column":0},"end":{"line":48,"column":79}},"48":{"start":{"line":49,"column":0},"end":{"line":49,"column":7}},"49":{"start":{"line":50,"column":0},"end":{"line":50,"column":0}},"50":{"start":{"line":51,"column":0},"end":{"line":51,"column":63}},"51":{"start":{"line":52,"column":0},"end":{"line":52,"column":4}},"52":{"start":{"line":53,"column":0},"end":{"line":53,"column":0}},"53":{"start":{"line":54,"column":0},"end":{"line":54,"column":20}},"54":{"start":{"line":55,"column":0},"end":{"line":55,"column":2}},"55":{"start":{"line":56,"column":0},"end":{"line":56,"column":0}},"56":{"start":{"line":57,"column":0},"end":{"line":57,"column":47}},"57":{"start":{"line":58,"column":0},"end":{"line":58,"column":39}},"58":{"start":{"line":59,"column":0},"end":{"line":59,"column":49}},"59":{"start":{"line":60,"column":0},"end":{"line":60,"column":46}},"60":{"start":{"line":61,"column":0},"end":{"line":61,"column":41}},"61":{"start":{"line":62,"column":0},"end":{"line":62,"column":2}},"62":{"start":{"line":63,"column":0},"end":{"line":63,"column":23}},"63":{"start":{"line":64,"column":0},"end":{"line":64,"column":65}},"64":{"start":{"line":65,"column":0},"end":{"line":65,"column":75}},"65":{"start":{"line":66,"column":0},"end":{"line":66,"column":48}},"66":{"start":{"line":67,"column":0},"end":{"line":67,"column":2}},"67":{"start":{"line":68,"column":0},"end":{"line":68,"column":58}},"68":{"start":{"line":69,"column":0},"end":{"line":69,"column":0}},"69":{"start":{"line":70,"column":0},"end":{"line":70,"column":81}}},"s":{"0":1,"1":1,"2":1,"3":1,"4":1,"5":1,"6":1,"7":1,"8":1,"9":1,"10":1,"11":1,"12":1,"13":81,"14":60,"15":60,"16":21,"17":21,"18":21,"19":21,"20":1,"21":1,"22":1,"23":1,"24":1,"25":1,"26":1,"27":3,"28":15,"29":54,"30":15,"31":15,"32":54,"33":6,"34":6,"35":54,"36":9,"37":9,"38":54,"39":12,"40":12,"41":12,"42":12,"43":12,"44":12,"45":12,"46":12,"47":0,"48":15,"49":15,"50":15,"51":3,"52":3,"53":3,"54":3,"55":1,"56":1,"57":1,"58":1,"59":1,"60":1,"61":1,"62":1,"63":1,"64":1,"65":1,"66":1,"67":1,"68":1,"69":1},"branchMap":{"0":{"type":"branch","line":3,"loc":{"start":{"line":3,"column":16},"end":{"line":3,"column":46}},"locations":[{"start":{"line":3,"column":16},"end":{"line":3,"column":46}}]},"1":{"type":"branch","line":13,"loc":{"start":{"line":13,"column":17},"end":{"line":20,"column":2}},"locations":[{"start":{"line":13,"column":17},"end":{"line":20,"column":2}}]},"2":{"type":"branch","line":14,"loc":{"start":{"line":14,"column":26},"end":{"line":16,"column":3}},"locations":[{"start":{"line":14,"column":26},"end":{"line":16,"column":3}}]},"3":{"type":"branch","line":16,"loc":{"start":{"line":16,"column":2},"end":{"line":20,"column":2}},"locations":[{"start":{"line":16,"column":2},"end":{"line":20,"column":2}}]},"4":{"type":"branch","line":18,"loc":{"start":{"line":18,"column":35},"end":{"line":18,"column":107}},"locations":[{"start":{"line":18,"column":35},"end":{"line":18,"column":107}}]},"5":{"type":"branch","line":27,"loc":{"start":{"line":27,"column":16},"end":{"line":55,"column":2}},"locations":[{"start":{"line":27,"column":16},"end":{"line":55,"column":2}}]},"6":{"type":"branch","line":28,"loc":{"start":{"line":28,"column":15},"end":{"line":52,"column":3}},"locations":[{"start":{"line":28,"column":15},"end":{"line":52,"column":3}}]},"7":{"type":"branch","line":29,"loc":{"start":{"line":29,"column":45},"end":{"line":49,"column":5}},"locations":[{"start":{"line":29,"column":45},"end":{"line":49,"column":5}}]},"8":{"type":"branch","line":30,"loc":{"start":{"line":30,"column":33},"end":{"line":32,"column":7}},"locations":[{"start":{"line":30,"column":33},"end":{"line":32,"column":7}}]},"9":{"type":"branch","line":32,"loc":{"start":{"line":32,"column":6},"end":{"line":33,"column":35}},"locations":[{"start":{"line":32,"column":6},"end":{"line":33,"column":35}}]},"10":{"type":"branch","line":33,"loc":{"start":{"line":33,"column":35},"end":{"line":35,"column":7}},"locations":[{"start":{"line":33,"column":35},"end":{"line":35,"column":7}}]},"11":{"type":"branch","line":35,"loc":{"start":{"line":35,"column":6},"end":{"line":36,"column":37}},"locations":[{"start":{"line":35,"column":6},"end":{"line":36,"column":37}}]},"12":{"type":"branch","line":36,"loc":{"start":{"line":36,"column":37},"end":{"line":38,"column":7}},"locations":[{"start":{"line":36,"column":37},"end":{"line":38,"column":7}}]},"13":{"type":"branch","line":38,"loc":{"start":{"line":38,"column":6},"end":{"line":39,"column":35}},"locations":[{"start":{"line":38,"column":6},"end":{"line":39,"column":35}}]},"14":{"type":"branch","line":39,"loc":{"start":{"line":39,"column":35},"end":{"line":47,"column":7}},"locations":[{"start":{"line":39,"column":35},"end":{"line":47,"column":7}}]},"15":{"type":"branch","line":47,"loc":{"start":{"line":47,"column":6},"end":{"line":49,"column":5}},"locations":[{"start":{"line":47,"column":6},"end":{"line":49,"column":5}}]}},"b":{"0":[129],"1":[81],"2":[60],"3":[21],"4":[27],"5":[3],"6":[15],"7":[54],"8":[15],"9":[39],"10":[6],"11":[33],"12":[9],"13":[24],"14":[12],"15":[0]},"fnMap":{"0":{"name":"indent","decl":{"start":{"line":3,"column":16},"end":{"line":3,"column":46}},"loc":{"start":{"line":3,"column":16},"end":{"line":3,"column":46}},"line":3},"1":{"name":"getValue","decl":{"start":{"line":13,"column":17},"end":{"line":20,"column":2}},"loc":{"start":{"line":13,"column":17},"end":{"line":20,"column":2}},"line":13},"2":{"name":"default","decl":{"start":{"line":27,"column":16},"end":{"line":55,"column":2}},"loc":{"start":{"line":27,"column":16},"end":{"line":55,"column":2}},"line":27},"3":{"name":"iter","decl":{"start":{"line":28,"column":15},"end":{"line":52,"column":3}},"loc":{"start":{"line":28,"column":15},"end":{"line":52,"column":3}},"line":28}},"f":{"0":129,"1":81,"2":3,"3":15}}
}
