TN:
SF:src/gendiff.js
FN:3,genDiff
FNF:1
FNH:1
FNDA:45,genDiff
DA:1,1
DA:2,1
DA:3,1
DA:4,45
DA:5,45
DA:6,45
DA:7,45
DA:8,45
DA:9,45
DA:10,45
DA:11,45
DA:12,45
DA:13,45
DA:14,45
DA:15,162
DA:16,45
DA:17,45
DA:18,45
DA:19,45
DA:20,162
DA:21,18
DA:22,18
DA:23,18
DA:24,18
DA:25,162
DA:26,36
DA:27,36
DA:28,36
DA:29,36
DA:30,162
DA:31,36
DA:32,36
DA:33,36
DA:34,36
DA:35,27
DA:36,27
DA:37,27
DA:38,45
DA:39,45
DA:40,45
DA:41,45
DA:42,1
DA:43,1
LF:43
LH:43
BRDA:3,0,0,45
BRDA:14,1,0,162
BRDA:15,2,0,45
BRDA:19,3,0,117
BRDA:20,4,0,18
BRDA:24,5,0,99
BRDA:25,6,0,45
BRDA:25,7,0,36
BRDA:29,8,0,63
BRDA:30,9,0,36
BRDA:34,10,0,27
BRF:11
BRH:11
end_of_record
TN:
SF:src/index.js
FN:8,gendiff
FN:15,getData
FN:17,getFormat
FNF:3
FNH:3
FNDA:9,gendiff
FNDA:18,getData
FNDA:18,getFormat
DA:1,1
DA:2,1
DA:3,1
DA:4,1
DA:5,1
DA:6,1
DA:7,1
DA:8,1
DA:9,9
DA:10,9
DA:11,9
DA:12,9
DA:13,9
DA:14,9
DA:15,9
DA:16,9
DA:17,9
DA:18,9
DA:19,9
DA:20,9
DA:21,9
DA:22,9
DA:23,9
DA:24,9
DA:25,9
DA:26,9
DA:27,1
DA:28,1
LF:28
LH:28
BRDA:8,0,0,9
BRDA:15,1,0,18
BRDA:17,2,0,18
BRF:3
BRH:3
end_of_record
TN:
SF:src/parsers.js
FN:11,default
FNF:1
FNH:1
FNDA:18,default
DA:1,1
DA:2,1
DA:3,1
DA:4,1
DA:5,1
DA:6,1
DA:7,1
DA:8,1
DA:9,1
DA:10,1
DA:11,1
LF:11
LH:11
BRDA:11,0,0,18
BRF:1
BRH:1
end_of_record
TN:
SF:src/formatters/index.js
FN:11,default
FNF:1
FNH:1
FNDA:9,default
DA:1,1
DA:2,1
DA:3,1
DA:4,1
DA:5,1
DA:6,1
DA:7,1
DA:8,1
DA:9,1
DA:10,1
DA:11,1
DA:12,1
DA:13,1
DA:14,1
DA:15,1
DA:16,1
DA:17,1
DA:18,1
LF:18
LH:18
BRDA:11,0,0,9
BRF:1
BRH:1
end_of_record
TN:
SF:src/formatters/json.js
FN:1,default
FNF:1
FNH:1
FNDA:3,default
DA:1,1
DA:2,1
DA:3,1
LF:3
LH:3
BRDA:1,0,0,3
BRF:1
BRH:1
end_of_record
TN:
SF:src/formatters/plain.js
FN:3,getFormattedValue
FN:23,default
FN:24,iter
FNF:3
FNH:3
FNDA:39,getFormattedValue
FNDA:3,default
FNDA:15,iter
DA:1,1
DA:2,1
DA:3,1
DA:4,39
DA:5,30
DA:6,30
DA:7,30
DA:8,9
DA:9,9
DA:10,9
DA:11,1
DA:12,1
DA:13,1
DA:14,1
DA:15,1
DA:16,1
DA:17,1
DA:18,1
DA:19,1
DA:20,1
DA:21,1
DA:22,1
DA:23,1
DA:24,3
DA:25,15
DA:26,54
DA:27,54
DA:28,54
DA:29,15
DA:30,15
DA:31,54
DA:32,6
DA:33,6
DA:34,54
DA:35,12
DA:36,12
DA:37,54
DA:38,12
DA:39,12
DA:40,9
DA:41,9
DA:42,9
DA:43,0
DA:44,15
DA:45,15
DA:46,15
DA:47,15
DA:48,3
DA:49,3
DA:50,3
DA:51,3
DA:52,1
DA:53,1
DA:54,1
DA:55,1
DA:56,1
DA:57,1
DA:58,1
DA:59,1
DA:60,1
DA:61,1
DA:62,1
DA:63,1
DA:64,1
DA:65,1
DA:66,1
DA:67,1
DA:68,1
DA:69,1
DA:70,1
DA:71,1
DA:72,1
DA:73,1
DA:74,1
DA:75,1
DA:76,1
DA:77,1
DA:78,1
DA:79,1
DA:80,1
DA:81,1
DA:82,1
DA:83,1
DA:84,1
DA:85,1
DA:86,1
DA:87,1
DA:88,1
DA:89,1
DA:90,1
DA:91,1
DA:92,1
LF:92
LH:91
BRDA:3,0,0,39
BRDA:4,1,0,30
BRDA:5,2,0,21
BRDA:5,3,0,9
BRDA:7,4,0,9
BRDA:23,5,0,3
BRDA:24,6,0,15
BRDA:25,7,0,54
BRDA:28,8,0,15
BRDA:30,9,0,39
BRDA:31,10,0,6
BRDA:33,11,0,33
BRDA:34,12,0,12
BRDA:36,13,0,21
BRDA:37,14,0,12
BRDA:39,15,0,9
BRDA:42,16,0,0
BRDA:45,17,0,54
BRF:18
BRH:17
end_of_record
TN:
SF:src/formatters/stylish.js
FN:3,indent
FN:13,getValue
FN:27,default
FN:28,iter
FNF:4
FNH:4
FNDA:129,indent
FNDA:81,getValue
FNDA:3,default
FNDA:15,iter
DA:1,1
DA:2,1
DA:3,1
DA:4,1
DA:5,1
DA:6,1
DA:7,1
DA:8,1
DA:9,1
DA:10,1
DA:11,1
DA:12,1
DA:13,1
DA:14,81
DA:15,60
DA:16,60
DA:17,21
DA:18,21
DA:19,21
DA:20,21
DA:21,1
DA:22,1
DA:23,1
DA:24,1
DA:25,1
DA:26,1
DA:27,1
DA:28,3
DA:29,15
DA:30,54
DA:31,15
DA:32,15
DA:33,54
DA:34,6
DA:35,6
DA:36,54
DA:37,9
DA:38,9
DA:39,54
DA:40,12
DA:41,12
DA:42,12
DA:43,12
DA:44,12
DA:45,12
DA:46,12
DA:47,12
DA:48,0
DA:49,15
DA:50,15
DA:51,15
DA:52,3
DA:53,3
DA:54,3
DA:55,3
DA:56,1
DA:57,1
DA:58,1
DA:59,1
DA:60,1
DA:61,1
DA:62,1
DA:63,1
DA:64,1
DA:65,1
DA:66,1
DA:67,1
DA:68,1
DA:69,1
DA:70,1
LF:70
LH:69
BRDA:3,0,0,129
BRDA:13,1,0,81
BRDA:14,2,0,60
BRDA:16,3,0,21
BRDA:18,4,0,27
BRDA:27,5,0,3
BRDA:28,6,0,15
BRDA:29,7,0,54
BRDA:30,8,0,15
BRDA:32,9,0,39
BRDA:33,10,0,6
BRDA:35,11,0,33
BRDA:36,12,0,9
BRDA:38,13,0,24
BRDA:39,14,0,12
BRDA:47,15,0,0
BRF:16
BRH:15
end_of_record
